# JRE version: OpenJDK Runtime Environment Temurin-17.0.12+7 (17.0.12+7) (build 17.0.12+7)
# Java VM: OpenJDK 64-Bit Server VM Temurin-17.0.12+7 (17.0.12+7, mixed mode, sharing, tiered, compressed oops, compressed class ptrs, g1 gc, windows-amd64)
GC Precious Log:
 CPUs: 12 total, 12 available
 Memory: 16068M
 Large Page Support: Disabled
 NUMA Support: Disabled
 Compressed Oops: Enabled (Zero based)
 Heap Region Size: 2M
 Heap Min Capacity: 8M
 Heap Initial Capacity: 252M
 Heap Max Capacity: 4018M
 Pre-touch: Disabled
 Parallel Workers: 10
 Concurrent Workers: 3
 Concurrent Refinement Workers: 10
 Periodic GC: Disabled
Heap:
 garbage-first heap   total 204800K, used 71826K [0x0000000704e00000, 0x0000000800000000)
  region size 2048K, 5 young (10240K), 5 survivors (10240K)
 Metaspace       used 73987K, committed 74560K, reserved 1114112K
  class space    used 10386K, committed 10624K, reserved 1048576K
GC Heap History (20 events):
Event: 4.149 GC heap after
{Heap after GC invocations=12 (full 0):
 garbage-first heap   total 159744K, used 22766K [0x0000000704e00000, 0x0000000800000000)
  region size 2048K, 1 young (2048K), 1 survivors (2048K)
 Metaspace       used 41343K, committed 41728K, reserved 1114112K
  class space    used 5560K, committed 5760K, reserved 1048576K
}
Event: 5.398 GC heap before
{Heap before GC invocations=12 (full 0):
 garbage-first heap   total 159744K, used 88302K [0x0000000704e00000, 0x0000000800000000)
  region size 2048K, 34 young (69632K), 1 survivors (2048K)
 Metaspace       used 59659K, committed 60096K, reserved 1114112K
  class space    used 8076K, committed 8320K, reserved 1048576K
}
Event: 5.403 GC heap after
{Heap after GC invocations=13 (full 0):
 garbage-first heap   total 159744K, used 26398K [0x0000000704e00000, 0x0000000800000000)
  region size 2048K, 3 young (6144K), 3 survivors (6144K)
 Metaspace       used 59659K, committed 60096K, reserved 1114112K
  class space    used 8076K, committed 8320K, reserved 1048576K
}
Event: 6.540 GC heap before
{Heap before GC invocations=14 (full 0):
 garbage-first heap   total 110592K, used 91934K [0x0000000704e00000, 0x0000000800000000)
  region size 2048K, 36 young (73728K), 3 survivors (6144K)
 Metaspace       used 70308K, committed 70848K, reserved 1114112K
  class space    used 9739K, committed 9984K, reserved 1048576K
}
Event: 6.545 GC heap after
{Heap after GC invocations=15 (full 0):
 garbage-first heap   total 110592K, used 31035K [0x0000000704e00000, 0x0000000800000000)
  region size 2048K, 5 young (10240K), 5 survivors (10240K)
 Metaspace       used 70308K, committed 70848K, reserved 1114112K
  class space    used 9739K, committed 9984K, reserved 1048576K
}
Event: 6.713 GC heap before
{Heap before GC invocations=15 (full 0):
 garbage-first heap   total 110592K, used 82235K [0x0000000704e00000, 0x0000000800000000)
  region size 2048K, 30 young (61440K), 5 survivors (10240K)
 Metaspace       used 70349K, committed 70912K, reserved 1114112K
  class space    used 9739K, committed 9984K, reserved 1048576K
}
Event: 6.719 GC heap after
{Heap after GC invocations=16 (full 0):
 garbage-first heap   total 110592K, used 34741K [0x0000000704e00000, 0x0000000800000000)
  region size 2048K, 2 young (4096K), 2 survivors (4096K)
 Metaspace       used 70349K, committed 70912K, reserved 1114112K
  class space    used 9739K, committed 9984K, reserved 1048576K
}
Event: 6.909 GC heap before
{Heap before GC invocations=16 (full 0):
 garbage-first heap   total 110592K, used 79797K [0x0000000704e00000, 0x0000000800000000)
  region size 2048K, 25 young (51200K), 2 survivors (4096K)
 Metaspace       used 72142K, committed 72704K, reserved 1114112K
  class space    used 10117K, committed 10368K, reserved 1048576K
}
Event: 6.913 GC heap after
{Heap after GC invocations=17 (full 0):
 garbage-first heap   total 110592K, used 39513K [0x0000000704e00000, 0x0000000800000000)
  region size 2048K, 4 young (8192K), 4 survivors (8192K)
 Metaspace       used 72142K, committed 72704K, reserved 1114112K
  class space    used 10117K, committed 10368K, reserved 1048576K
}
Event: 6.959 GC heap before
{Heap before GC invocations=17 (full 0):
 garbage-first heap   total 110592K, used 80473K [0x0000000704e00000, 0x0000000800000000)
  region size 2048K, 24 young (49152K), 4 survivors (8192K)
 Metaspace       used 72160K, committed 72704K, reserved 1114112K
  class space    used 10117K, committed 10368K, reserved 1048576K
}
Event: 6.963 GC heap after
{Heap after GC invocations=18 (full 0):
 garbage-first heap   total 110592K, used 43352K [0x0000000704e00000, 0x0000000800000000)
  region size 2048K, 2 young (4096K), 2 survivors (4096K)
 Metaspace       used 72160K, committed 72704K, reserved 1114112K
  class space    used 10117K, committed 10368K, reserved 1048576K
}
Event: 7.009 GC heap before
{Heap before GC invocations=18 (full 0):
 garbage-first heap   total 110592K, used 80216K [0x0000000704e00000, 0x0000000800000000)
  region size 2048K, 20 young (40960K), 2 survivors (4096K)
 Metaspace       used 72172K, committed 72704K, reserved 1114112K
  class space    used 10117K, committed 10368K, reserved 1048576K
}
Event: 7.012 GC heap after
{Heap after GC invocations=19 (full 0):
 garbage-first heap   total 174080K, used 43655K [0x0000000704e00000, 0x0000000800000000)
  region size 2048K, 3 young (6144K), 3 survivors (6144K)
 Metaspace       used 72172K, committed 72704K, reserved 1114112K
  class space    used 10117K, committed 10368K, reserved 1048576K
}
Event: 7.304 GC heap before
{Heap before GC invocations=19 (full 0):
 garbage-first heap   total 174080K, used 121479K [0x0000000704e00000, 0x0000000800000000)
  region size 2048K, 41 young (83968K), 3 survivors (6144K)
 Metaspace       used 73856K, committed 74432K, reserved 1114112K
  class space    used 10366K, committed 10624K, reserved 1048576K
}
Event: 7.307 GC heap after
{Heap after GC invocations=20 (full 0):
 garbage-first heap   total 174080K, used 47305K [0x0000000704e00000, 0x0000000800000000)
  region size 2048K, 4 young (8192K), 4 survivors (8192K)
 Metaspace       used 73856K, committed 74432K, reserved 1114112K
  class space    used 10366K, committed 10624K, reserved 1048576K
}
Event: 7.401 GC heap before
{Heap before GC invocations=20 (full 0):
 garbage-first heap   total 174080K, used 131273K [0x0000000704e00000, 0x0000000800000000)
  region size 2048K, 45 young (92160K), 4 survivors (8192K)
 Metaspace       used 73917K, committed 74496K, reserved 1114112K
  class space    used 10379K, committed 10624K, reserved 1048576K
}
Event: 7.404 GC heap after
{Heap after GC invocations=21 (full 0):
 garbage-first heap   total 174080K, used 45808K [0x0000000704e00000, 0x0000000800000000)
  region size 2048K, 2 young (4096K), 2 survivors (4096K)
 Metaspace       used 73917K, committed 74496K, reserved 1114112K
  class space    used 10379K, committed 10624K, reserved 1048576K
}
Event: 7.502 GC heap before
{Heap before GC invocations=21 (full 0):
 garbage-first heap   total 174080K, used 135920K [0x0000000704e00000, 0x0000000800000000)
  region size 2048K, 46 young (94208K), 2 survivors (4096K)
 Metaspace       used 73975K, committed 74560K, reserved 1114112K
  class space    used 10385K, committed 10624K, reserved 1048576K
}
Event: 7.509 GC heap after
{Heap after GC invocations=22 (full 0):
 garbage-first heap   total 174080K, used 60026K [0x0000000704e00000, 0x0000000800000000)
  region size 2048K, 6 young (12288K), 6 survivors (12288K)
 Metaspace       used 73975K, committed 74560K, reserved 1114112K
  class space    used 10385K, committed 10624K, reserved 1048576K
}
Event: 7.574 GC heap before
{Heap before GC invocations=22 (full 0):
 garbage-first heap   total 174080K, used 125562K [0x0000000704e00000, 0x0000000800000000)
  region size 2048K, 38 young (77824K), 6 survivors (12288K)
 Metaspace       used 73987K, committed 74560K, reserved 1114112K
  class space    used 10386K, committed 10624K, reserved 1048576K
}

